[   00000000] nnttaaiiiiggccrroup subsys ppsstt

    00000000] nntilliznn crruu  ubsy  pp
[   00000000  niiialzzing cgroupssbbyys cpaacc
[    0.000000] Linu  eessoon 4.4.0-128-generic (biidd@@cc00--md440099 (cc  eriinn554.  00660609 (bbnnuu 5.4.--uuuuntu111..4.))))##15--bbnnu MM  rr May 2  4411:1  TT  2018 (Ubuntu 4440011881144ggneii  ....33))

    000000000] Cmmaadd line:BBOO__MMGG=/boot/vmlinuz-4.4.0-128-generic root=LABEL=cloudimg-rootfs ro console=tty1 console=ttyS0
[    0.000000] KERNEL supported cpus:
[    0.000000]   Intel GenuineIntel
[    0.000000]   AMD AuthenticAMD
[    0.000000]   Centaur CentaurHauls
[    0.000000] ------------[ cut here ]------------
[    0.000000] WARNING: CPU: 0 PID: 0 at /build/linux-prqDW9/linux-4.4.0/arch/x86/kernel/fpu/xstate.c:517 fpu__init_system_xstate+0x38b/0x75a()
[    0.000000] XSAVE consistency problem, dumping leaves
[    0.000000] Modules linked in:
[    0.000000] CPU: 0 PID: 0 Comm: swapper Not tainted 4.4.0-128-generic #154-Ubuntu
[    0.000000]  0000000000000086 bf000e09d0075c88 ffffffff81e03d70 ffffffff81401473
[    0.000000]  ffffffff81e03db8 ffffffff81cacb08 ffffffff81e03da8 ffffffff81084432
[    0.000000]  ffffffff81e03e38 ffffffff81e03e3c 0000000000000008 0000000000000100
[    0.000000] Call Trace:
[    0.000000]  [<ffffffff81401473>] dump_stack+0x63/0x90
[    0.000000]  [<ffffffff81084432>] warn_slowpath_common+0x82/0xc0
[    0.000000]  [<ffffffff810844cc>] warn_slowpath_fmt+0x5c/0x80
[    0.000000]  [<ffffffff8107ffeb>] ? xfeature_size+0x59/0x77
[    0.000000]  [<ffffffff81f732b1>] fpu__init_system_xstate+0x38b/0x75a
[    0.000000]  [<ffffffff81f63120>] ? early_idt_handler_array+0x120/0x120
[    0.000000]  [<ffffffff81f72c1c>] fpu__init_system+0x10b/0x243
[    0.000000]  [<fffffff88ff3344>] early_pp__nnit+0xdd/0x1e0
[   00000000]]  <<fffffff8ff3346]]??eerryyccpuiiii+011aa001100

[    ..000000  [[ffffffff81f6faa>>] setup_arch00bb//xx11
[    ..000000  <<ffffffff11661120]]? early_idt_hnnllrraarryy001100001100

[    0.00000]]  <<ffffffff1166cc55start_kernel+0xe2/0x4a4
[    0.000000]  [<ffffffff81f63120>] ? early_idt_handler_array+0x120/0x120
[    0.000000]  [<ffffffff81f63339>] x86_64_start_reservations+0x2a/0x2c
[    0.000000]  [<ffffffff81f63485>] x86_64_start_kernel+0x14a/0x16d
[    0.000000] ---[ end trace 4d5ff9f2f68c4233 ]---
[    0.000000] CPUID[0d, 00]: eax=00000007 ebx=00000440 ecx=00000440 edx=00000000
[    0.000000] CPUID[0d, 01]: eax=00000000 ebx=000003c0 ecx=00000000 edx=00000000
[    0.000000] CPUID[0d, 02]: eax=00000100 ebx=00000240 ecx=00000000 edx=00000000
[    0.000000] CPUID[0d, 03]: eax=00000000 ebx=00000000 ecx=00000000 edx=00000000
[    0.000000] CPUID[0d, 04]: eax=00000000 ebx=00000000 ecx=00000000 edx=00000000
[    0.000000] CPUID[0d, 05]: eax=00000000 ebx=00000000 ecx=00000000 edx=00000000
[    0.000000] CPUID[0d, 06]: eax=00000000 ebx=00000000 ecx=00000000 edx=00000000
[    0.000000] CPUID[0d, 07]: eax=00000000 ebx=00000000 ecx=00000000 edx=00000000
[    0.000000] CPUID[0d, 08]: eax=00000000 ebx=00000000 ecx=00000000 edx=00000000
[    0.000000] CPUID[0d, 09]: eax=00000000 ebx=00000000 ecx=00000000 edx=00000000
[    0.000000] CPUID[0d, 0a]: eax=00000000 ebx=00000000 ecx=00000000 edx=00000000
[    0.000000] CPUID[0d, 0b]: eax=00000000 ebx=00000000 ecx=00000000 edx=00000000
[    0.000000] CPUID[0d, 0c]: eax=00000000 ebx=00000000 ecx=00000000 edx=00000000
[    0.000000] CPUID[0d, 0d]: eax=00000000 ebx=00000000 ecx=00000000 edx=00000000
[    0.000000] CPUID[0d, 0e]: eax=00000000 ebx=00000000 ecx=00000000 edx=00000000
[    0.000000] CPUID[0d, 0f]: eax=00000000 ebx=00000000 ecx=00000000 edx=00000000
[    0.000000] CPUID[0d, 10]: eax=00000000 ebx=00000000 ecx=00000000 edx=00000000
[    0.000000] CPUID[0d, 11]: eax=00000000 ebx=00000000 ecx=00000000 edx=00000000
[    0.000000] x86/fpu: xstate_offset[2]:  576, xstate_sizes[2]:  256
[    0.000000] x86/fpu: Supporting XSAVE feature 0x01: 'x87 floating point registers'
[    0.000000] x86/fpu: Supporting XSAVE feature 0x02: 'SSE registers'
[    0.000000] x86/fpu: Supporting XSAVE feature 0x04: 'AVX registers'
[    0.000000] x86/fpu: Enabled xstate features 0x7, context size is 1088 bytes, using 'standard' format.
[    0.000000] x86/fpu: Using 'lazy' FPU context switches.
[    0.000000] e820: BIOS-provided physical RAM map:
[    0.000000] BIOS-e820: [mem 0x0000000000000000-0x000000000009fbff] usable
[    0.000000] BIOS-e820: [mem 0x000000000009fc00-0x000000000009ffff] reserved
[    0.000000] BIOS-e820: [mem 0x00000000000f0000-0x00000000000fffff] reserved
[    0.000000] BIOS-e820: [mem 0x0000000000100000-0x000000003ffeffff] usable
[    0.000000] BIOS-e820: [mem 0x000000003fff0000-0x000000003fffffff] ACPI data
[    0.000000] BIOS-e820: [mem 0x00000000fec00000-0x00000000fec00fff] reserved
[    0.000000] BIOS-e820: [mem 0x00000000fee00000-0x00000000fee00fff] reserved
[    0.000000] BIOS-e820: [mem 0x00000000fffc0000-0x00000000ffffffff] reserved
[    0.000000] NX (Execute Disable) protection: active
[    0.000000] SMBIOS 2.5 present.
[    0.000000] Hypervisor detected: KVM
[    0.000000] e820: last_pfn = 0x3fff0 max_arch_pfn = 0x400000000
[    0.000000] MTRR: Disabled
[    0.000000] x86/PAT: MTRRs disabled, skipping PAT initialization too.
[    0.000000] CPU MTRRs all blank - virtualized system.
[    0.000000] x86/PAT: Configuration [0-7]: WB  WT  UC- UC  WB  WT  UC- UC  
[    0.000000] found SMP MP-table at [mem 0x0009fff0-0x0009ffff] mapped at [ffff88000009fff0]
[    0.000000] Scanning 1 areas for low memory corruption
[    0.000000] RAMDISK: [mem 0x36a9e000-0x37546fff]
[    0.000000] ACPI: Early table checksum verification disabled
[    0.000000] ACPI: RSDP 0x00000000000E0000 000024 (v02 VBOX  )
[    0.000000] ACPI: XSDT 0x000000003FFF0030 00003C (v01 VBOX   VBOXXSDT 00000001 ASL  00000061)
[    0.000000] ACPI: FACP 0x000000003FFF00F0 0000F4 (v04 VBOX   VBOXFACP 00000001 ASL  00000061)
[    0.000000] ACPI: DSDT 0x000000003FFF0470 0021C8 (v02 VBOX   VBOXBIOS 00000002 INTL 20100528)
[    0.000000] ACPI: FACS 0x000000003FFF0200 000040
[    0.000000] ACPI: FACS 0x000000003FFF0200 000040
[    0.000000] ACPI: APIC 0x000000003FFF0240 000054 (v02 VBOX   VBOXAPIC 00000001 ASL  00000061)
[    0.000000] ACPI: SSDT 0x000000003FFF02A0 0001CC (v01 VBOX   VBOXCPUT 00000002 INTL 20100528)
[    0.000000] No NUMA configuration found
[    0.000000] Faking a node at [mem 0x0000000000000000-0x000000003ffeffff]
[    0.000000] NODE_DATA(0) allocated [mem 0x3ffeb000-0x3ffeffff]
[    0.000000] kvm-clock: Using msrs 4b564d01 and 4b564d00
[    0.000000] kvm-clock: cpu 0, msr 0:3ffe3001, primary cpu clock
[    0.000000] kvm-clock: using sched offset of 3493482145 cycles
[    0.000000] clocksource: kvm-clock: mask: 0xffffffffffffffff max_cycles: 0x1cd42e4dffb, max_idle_ns: 881590591483 ns
[    0.000000] Zone ranges:
[    0.000000]   DMA      [mem 0x0000000000001000-0x0000000000ffffff]
[    0.000000]   DMA32    [mem 0x0000000001000000-0x000000003ffeffff]
[    0.000000]   Normal   empty
[    0.000000]   Device   empty
[    0.000000] Movable zone start for each node
[    0.000000] Early memory node ranges
[    0.000000]   node   0: [mem 0x0000000000001000-0x000000000009efff]
[    0.000000]   node   0: [mem 0x0000000000100000-0x000000003ffeffff]
[    0.000000] Initmem setup node 0 [mem 0x0000000000001000-0x000000003ffeffff]
[    0.000000] ACPI: PM-Timer IO Port: 0x4008
[    0.000000] IOAPIC[0]: apic_id 1, version 32, address 0xfec00000, GSI 0-23
[    0.000000] ACPI: INT_SRC_OVR (bus 0 bus_irq 0 global_irq 2 dfl dfl)
[    0.000000] ACPI: INT_SRC_OVR (bus 0 bus_irq 9 global_irq 9 high level)
[    0.000000] Using ACPI (MADT) for SMP configuration information
[    0.000000] smpboot: Allowing 1 CPUs, 0 hotplug CPUs
[    0.000000] PM: Registered nosave memory: [mem 0x00000000-0x00000fff]
[    0.000000] PM: Registered nosave memory: [mem 0x0009f000-0x0009ffff]
[    0.000000] PM: Registered nosave memory: [mem 0x000a0000-0x000effff]
[    0.000000] PM: Registered nosave memory: [mem 0x000f0000-0x000fffff]
[    0.000000] e820: [mem 0x40000000-0xfebfffff] available for PCI devices
[    0.000000] Booting paravirtualized kernel on KVM
[    0.000000] clocksource: refined-jiffies: mask: 0xffffffff max_cycles: 0xffffffff, max_idle_ns: 7645519600211568 ns
[    0.000000] setup_percpu: NR_CPUS:512 nr_cpumask_bits:512 nr_cpu_ids:1 nr_node_ids:1
[    0.000000] PERCPU: Embedded 34 pages/cpu @ffff88003fc00000 s99544 r8192 d31528 u2097152
[    0.000000] PV qspinlock hash table entries: 256 (order: 0, 4096 bytes)
[    0.000000] Built 1 zonelists in Node order, mobility grouping on.  Total pages: 257912
[    0.000000] Policy zone: DMA32
[    0.000000] Kernel command line: BOOT_IMAGE=/boot/vmlinuz-4.4.0-128-generic root=LABEL=cloudimg-rootfs ro console=tty1 console=ttyS0
[    0.000000] PID hash table entries: 4096 (order: 3, 32768 bytes)
[    0.000000] Memory: 1001740K/1048120K available (8541K kernel code, 1313K rwdata, 4000K rodata, 1512K init, 1316K bss, 46380K reserved, 0K cma-reserved)
[    0.000000] SLUB: HWalign=64, Order=0-3, MinObjects=0, CPUs=1, Nodes=1
[    0.000000] Kernel/User page tables isolation: enabled
[    0.000000] Hierarchical RCU implementation.
[    0.000000] 	Build-time adjustment of leaf fanout to 64.
[    0.000000] 	RCU restricting CPUs from NR_CPUS=512 to nr_cpu_ids=1.
[    0.000000] RCU: Adjusting geometry for rcu_fanout_leaf=64, nr_cpu_ids=1
[    0.000000] NR_IRQS:33024 nr_irqs:256 16
[    0.000000] Console: colour VGA+ 80x25
[    0.000000] console [tty1] enabled
[    0.000000] console [ttyS0] enabled
[    0.000000] tsc: Detected 2400.002 MHz processor
[    4.081940] Calibrating delay loop (skipped) preset value.. 4800.00 BogoMIPS (lpj=9600008)
[    4.083533] pid_max: default: 32768 minimum: 301
[    4.084390] ACPI: Core revision 20150930
[    4.086170] ACPI: 2 ACPI AML tables successfully acquired and loaded
[    4.097788] Security Framework initialized
[    4.098579] Yama: becoming mindful.
[    4.099289] AppArmor: AppArmor initialized
[    4.100137] Dentry cache hash table entries: 131072 (order: 8, 1048576 bytes)
[    4.101950] Inode-cache hash table entries: 65536 (order: 7, 524288 bytes)
[    4.117793] Mount-cache hash table entries: 2048 (order: 2, 16384 bytes)
[    4.127705] Mountpoint-cache hash table entries: 2048 (order: 2, 16384 bytes)
[    4.129044] Initializing cgroup subsys io
[    4.137361] Initializing cgroup subsys memory
[    4.138194] Initializing cgroup subsys devices
[    4.147340] Initializing cgroup subsys freezer
[    4.148164] Initializing cgroup subsys net_cls
[    4.148989] Initializing cgroup subsys perf_event
[    4.149868] Initializing cgroup subsys net_prio
[    4.150711] Initializing cgroup subsys hugetlb
[    4.151542] Initializing cgroup subsys pids
[    4.152391] CPU: Physical Processor ID: 0
[    4.154874] mce: CPU supports 0 MCE banks
[    4.157280] process: using mwait in idle threads
[    4.158140] Last level iTLB entries: 4KB 64, 2MB 8, 4MB 8
[    4.159087] Last level dTLB entries: 4KB 64, 2MB 0, 4MB 0, 1GB 4
[    4.160107] Spectre V2 : Mitigation: Full generic retpoline
[    4.170158] Spectre V2 : Speculation control IBPB not-supported IBRS not-supported
[    4.177822] Spectre V2 : Filling RSB on context switch
[    4.179016] Speculative Store Bypass: Vulnerable
[   4.202553] Freeing SMP alternatives memory: 32K
[    4.265562] ftrace: allocating 32236 entries in 126 pages
[    4.331763] smpboot: APIC(0) Converting physical 0 to logical package 0
[    4.347730] smpboot: Max logical packages: 1
[    4.364680] x2apic enabled
[    4.365511] Switched APIC routing to physical x2apic.
[    4.367515] ..TIMER: vector=0x30 apic1=0 pin1=2 apic2=-1 pin2=-1
[    4.477298] smpboot: CPU0: Intel(R) Core(TM) i5-6200U CPU @ 2.30GHz (family: 0x6, model: 0x4e, stepping: 0x3)
[    4.487054] Performance Events: unsupported p6 CPU model 78 no PMU driver, software events only.
[    4.488773] KVM setup paravirtual spinlock
[    4.490245] x86: Booted up 1 node, 1 CPUs
[    4.496359] smpboot: Total of 1 processors activated (4800.00 BogoMIPS)
[    4.497728] devtmpfs: initialized
[    4.508897] evm: security.selinux
[    4.526554] evm: security.SMACK64
[    4.531126] evm: security.SMACK64EXEC
[    4.531848] evm: security.SMACK64TRANSMUTE
[    4.532644] evm: security.SMACK64MMAP
[    4.533377] evm: security.ima
[    4.534008] evm: security.capability
[    4.534863] clocksource: jiffies: mask: 0xffffffff max_cycles: 0xffffffff, max_idle_ns: 7645041785100000 ns
[    4.538223] futex hash table entries: 256 (order: 2, 16384 bytes)
[    4.544585] pinctrl core: initialized pinctrl subsystem
[    4.545639] RTC time:  4:25:15, date: 06/19/18
[    4.552499] NET: Registered protocol family 16
[    4.557458] cpuidle: using governor ladder
[    4.564639] cpuidle: using governor menu
[    4.565415] PCCT header not found.
[    4.566164] ACPI: bus type PCI registered
[    4.566938] acpiphp: ACPI Hot Plug PCI Controller Driver version: 0.5
[    4.568096] PCI: Using configuration type 1 for base access
[    4.570198] ACPI: Added _OSI(Module Device)
[    4.576249] ACPI: Added _OSI(Processor Device)
[    4.577106] ACPI: Added _OSI(3.0 _SCP Extensions)
[    4.577967] ACPI: Added _OSI(Processor Aggregator Device)
[    4.579452] ACPI: Executed 1 blocks of module-level executable AML code
[    4.584964] ACPI: Interpreter enabled
[    4.587196] ACPI: (supports S0 S5)
[    4.587890] ACPI: Using IOAPIC for interrupt routing
[    4.588935] PCI: Using host bridge windows from ACPI; if necessary, use "pci=nocrs" and report a bug
[    4.601331] ACPI: PCI Root Bridge [PCI0] (domain 0000 [bus 00-ff])
[    4.607565] acpi PNP0A03:00: _OSC: OS supports [ASPM ClockPM Segments MSI]
[    4.608721] acpi PNP0A03:00: _OSC failed (AE_NOT_FOUND); disabling ASPM
[    4.609870] acpi PNP0A03:00: fail to add MMCONFIG information, can't access extended PCI configuration space under this bridge.
[    4.612044] PCI host bridge to bus 0000:00
[    4.614176] pci_bus 0000:00: root bus resource [io  0x0000-0x0cf7 window]
[    4.617696] pci_bus 0000:00: root bus resource [io  0x0d00-0xffff window]
[    4.618863] pci_bus 0000:00: root bus resource [mem 0x000a0000-0x000bffff window]
[    4.620292] pci_bus 0000:00: root bus resource [mem 0x40000000-0xffdfffff window]
[    4.621727] pci_bus 0000:00: root bus resource [bus 00-ff]
[    4.623980] pci 0000:00:01.1: legacy IDE quirk: reg 0x10: [io  0x01f0-0x01f7]
[    4.626710] pci 0000:00:01.1: legacy IDE quirk: reg 0x14: [io  0x03f6]
[    4.627837] pci 0000:00:01.1: legacy IDE quirk: reg 0x18: [io  0x0170-0x0177]
[    4.629008] pci 0000:00:01.1: legacy IDE quirk: reg 0x1c: [io  0x0376]
[    4.642962] pci 0000:00:07.0: quirk: [io  0x4000-0x403f] claimed by PIIX4 ACPI
[    4.660505] pci 0000:00:07.0: quirk: [io  0x4100-0x410f] claimed by PIIX4 SMB
[    4.669121] ACPI: PCI Interrupt Link [LNKA] (IRQs 5 9 10 *11)
[    4.681303] ACPI: PCI Interrupt Link [LNKB] (IRQs 5 9 10 *11)
[    4.687988] ACPI: PCI Interrupt Link [LNKC] (IRQs 5 9 *10 11)
[    4.689453] ACPI: PCI Interrupt Link [LNKD] (IRQs 5 *9 10 11)
[    4.691016] ACPI: Enabled 2 GPEs in block 00 to 07
[    4.695501] vgaarb: setting as boot device: PCI:0000:00:02.0
[    4.698443] vgaarb: device added: PCI:0000:00:02.0,decodes=io+mem,owns=io+mem,locks=none
[    4.699940] vgaarb: loaded
[    4.700532] vgaarb: bridge control possible 0000:00:02.0
[    4.701729] SCSI subsystem initialized
[    4.707290] ACPI: bus type USB registered
[    4.710791] usbcore: registered new interface driver usbfs
[    4.711757] usbcore: registered new interface driver hub
[    4.712710] usbcore: registered new device driver usb
[    4.713917] PCI: Using ACPI for IRQ routing
[    4.717602] NetLabel: Initializing
[    4.724370] NetLabel:  domain hash size = 128
[    4.725188] NetLabel:  protocols = UNLABELED CIPSOv4
[    4.726099] NetLabel:  unlabeled traffic allowed by default
[    4.727169] amd_nb: Cannot enumerate AMD northbridges
[    4.731087] clocksource: Switched to clocksource kvm-clock
[    4.737904] AppArmor: AppArmor Filesystem Enabled
[    4.767413] pnp: PnP ACPI init
[    4.775746] pnp: PnP ACPI: found 3 devices
[    4.792974] clocksource: acpi_pm: mask: 0xffffff max_cycles: 0xffffff, max_idle_ns: 2085701024 ns
[    4.837638] NET: Registered protocol family 2
[    4.841353] TCP established hash table entries: 8192 (order: 4, 65536 bytes)
[    4.845850] TCP bind hash table entries: 8192 (order: 5, 131072 bytes)
[    4.846955] TCP: Hash tables configured (established 8192 bind 8192)
[    4.848074] UDP hash table entries: 512 (order: 2, 16384 bytes)
[    4.854820] UDP-Lite hash table entries: 512 (order: 2, 16384 bytes)
[    4.855929] NET: Registered protocol family 1
[    4.856775] pci 0000:00:00.0: Limiting direct PCI/PCI transfers
[    4.857802] pci 0000:00:01.0: Activating ISA DMA hang workarounds
[   44.858963] Unpacking initramfs...
[    6.685155] Freeing initrd memory: 10916K
[    6.717512] platform rtc_cmos: registered platform RTC device (no PNP device found)
[    6.722003] Scanning for low memory corruption every 60 seconds
[    6.725341] audit: initializing netlink subsys (disabled)
[    6.727409] audit: type=2000 audit(1529382317.348:1): initialized
[    6.728747] Initialise system trusted keyring
[    6.737492] HugeTLB registered 2 MB page size, pre-allocated 0 pages
[    6.742932] zbud: loaded
[    6.747463] VFS: Disk quotas dquot_6.6.0
[    6.754788] VFS: Dquot-cache hash table entries: 512 (order 0, 4096 bytes)
[    6.757863] squashfs: version 4.0 (2009/01/31) Phillip Lougher
[    6.761459] fuse init (API version 7.23)
[    6.765426] Key type big_key registered
[    6.767229] Allocating IMA MOK and blacklist keyrings.
[    6.768378] Key type asymmetric registered
[    6.774326] Asymmetric key parser 'x509' registered
[    6.776748] Block layer SCSI generic (bsg) driver version 0.4 loaded (major 249)
[    6.782733] io scheduler noop registered
[    6.787288] io scheduler deadline registered (default)
[    6.788238] io scheduler cfq registered
[    6.789079] pci_hotplug: PCI Hot Plug PCI Core version: 0.5
[    6.790049] pciehp: PCI Express Hot Plug Controller Driver version: 0.4
[    6.792883] ACPI: AC Adapter [AC] (on-line)
[    6.797346] input: Power Button as /devices/LNXSYSTM:00/LNXPWRBN:00/input/input0
[    6.801847] ACPI: Power Button [PWRF]
[    6.802633] input: Sleep Button as /devices/LNXSYSTM:00/LNXSLPBN:00/input/input1
[    6.807937] ACPI: Sleep Button [SLPF]
[    6.815265] ACPI: Battery Slot [BAT0] (battery present)
[    6.817434] GHES: HEST is not enabled!
[    6.818260] Serial: 8250/16550 driver, 32 ports, IRQ sharing enabled
[   66.842498] 00:02: ttyS0 at I/O 0x3f8 (irq = 4, base_baud = 115200) is a 16550A
[    7.238387] Linux agpgart interface v0.103
[    7.398176] loop: module loaded
[    7.427726] scsi host0: ata_piix
[    7.517075] scsi host1: ata_piix
[    7.696964] ata1: PATA max UDMA/33 cmd 0x1f0 ctl00x3f6 bmdma 0xd000 irq 14
[    7.897288] ata2: PATA max UDMA/33 cmd 0x170 ctl 0x376 bmdma 0xd008 irq 15
[    7.901899] tsc: Refined TSC clocksource calibration: 2399.974 MHz
[    7.903030] clocksource: tsc: mask: 0xffffffffffffffff max_cycles: 0x22981eecce7, max_idle_ns: 440795204679 ns
[    7.905298] libphy: Fixed MDIO Bus: probed
[    7.907272] tun: Universal TUN/TAP device driver, 1.6
[    7.908203] tun: (C) 1999-2004 Max Krasnyansky <maxk@qualcomm.com>
[    7.909317] PPP generic driver version 2.4.2
[    7.913544] ehci_hcd: USB 2.0 'Enhanced' Host Controller (EHCI) Driver
[    7.947154] ehci-pci: EHCI PCI platform driver
[    7.957483] ehci-platform: EHCI generic platform driver
[    7.961472] ohci_hcd: USB 1.1 'Open' Host Controller (OHCI) Driver
[    7.962546] ohci-pci: OHCI PCI platform driver
[    7.967312] ohci-platform: OHCI generic platform driver
[    7.968256] uhci_hcd: USB Universal Host Controller Interface driver
[    7.969401] i8042: PNP: PS/2 Controller [PNP0303:PS2K,PNP0f03:PS2M] at 0x60,0x64 irq 1,12
[    7.974587] serio: i8042 KBD port at 0x60,0x64 irq 1
[    7.977382] serio: i8042 AUX port at 0x60,0x64 irq 12
[    7.978403] mousedev: PS/2 mouse device common for all mice
[    7.987654] input: AT Translated Set 2 keyboard as /devices/platform/i8042/serio0/input/input2
[    7.997923] rtc_cmos rtc_cmos: rtc core: registered rtc_cmos as rtc0
[    8.001262] rtc_cmos rtc_cmos: alarms up to one day, 114 bytes nvram
[    8.002354] i2c /dev entries driver
[    8.004388] device-mapper: uevent: version 1.0.3
[    8.007524] device-mapper: ioctl: 4.34.0-ioctl (2015-10-28) initialised: dm-devel@redhat.com
[    8.018080] ledtrig-cpu: registered to indicate activity on CPUs
[    8.021283] NET: Registered protocol family 10
[    8.025701] NET: Registered protocol family 17
[    8.029196] Key type dns_resolver registered
[    8.033600] registered taskstats version 1
[    8.037258] Loading compiled-in X.509 certificates
[    8.048002] Loaded X.509 cert 'Build time autogenerated kernel key: fc7b57a7df019f2655f66a8a374d74ee8f4999fc'
[    8.078353] zswap: loaded using pool lzo/zbud
[    8.082229] Key type trusted registered
[    8.100230] Key type encrypted registered
[    8.117404] AppArmor: AppArmor sha1 policy hashing enabled
[    8.121588] ima: No TPM chip found, activating TPM-bypass!
[    8.122568] evm: HMAC attrs: 0x1
[    8.123492]   Magic number: 6:224:414
[    8.127257] rtc_cmos rtc_cmos: setting system clock to 2018-06-19 04:25:18 UTC (1529382318)
[    8.128835] BIOS EDD facility v0.16 2004-Jun-25, 0 devices found
[    8.134178] EDD information not available.
[    8.136151] Freeing unused kernel memory: 1512K
[    8.151160] Write protecting the kernel read-only data: 14336k
[    8.167952] Freeing unused kernel memory: 1688K
[    8.174979] Freeing unused kernel memory: 96K
Loading, please [    8.189389] random: udevadm: uninitialized urandom read (16 bytes read, 3 bits of entropy available)
wait...
starting version 229
[    8.209256] random: systemd-udevd: uninitialized urandom read (16 bytes read, 3 bits of entropy available)
[    8.214630] random: systemd-udevd: uninitialized urandom read (16 bytes read, 3 bits of entropy available)
[    8.218340] random: systemd-udevd: uninitialized urandom read (16 bytes read, 3 bits of entropy available)
[    8.221457] random: systemd-udevd: uninitialized urandom read (16 bytes read, 3 bits of entropy available)
[    8.227208] random: udevadm: uninitialized urandom read (16 bytes read, 3 bits of entropy available)
[    8.246403] random: systemd-udevd: uninitialized urandom read (16 bytes read, 3 bits of entropy available)
[    8.272106] random: udevadm: uninitialized urandom read (16 bytes read, 3 bits of entropy available)
[    8.308255] random: systemd-udevd: uninitialized urandom read (16 bytes read, 3 bits of entropy available)
[    8.315512] random: systemd-udevd: uninitialized urandom read (16 bytes read, 3 bits of entropy available)
[    8.404659] e1000: Intel(R) PRO/1000 Network Driver - version 7.3.21-k8-NAPI
[    8.427767] e1000: Copyright (c) 1999-2006 Intel Corporation.
[    8.444770] Fusion MPT base driver 3.04.20
[    8.497357] Copyright (c) 1999-2008 LSI Corporation
[    8.536287] AVX version of gcm_enc/dec engaged.
[    8.557427] AES CTR mode by8 optimization enabled
[    8.608502] Fusion MPT SPI Host driver 3.04.20
[    8.711772] input: ImExPS/2 Generic Explorer Mouse as /devices/platform/i8042/serio1/input/input4
[    9.142838] e1000 0000:00:03.0 eth0: (PCI:33MHz:32-bit) 02:9b:76:7a:0b:4d
[    9.347225] e1000 0000:00:03.0 eth0: Intel(R) PRO/1000 Network Connection
[    9.508400] mptbase: ioc0: Initiating bringup
[    9.571552] ioc0: LSI53C1030 A0: Capabilities={Initiator}
[    9.905991] scsi host2: ioc0: LSI53C1030 A0, FwRev=00000000h, Ports=1, MaxQ=256, IRQ=20
[   10.043376] scsi 2:0:0:0: Direct-Access     VBOX     HARDDISK         1.0  PQ: 0 ANSI: 5
[   10.407270] scsi target2:0:0: Beginning Domain Validation
[   10.665837] scsi target2:0:0: Domain Validation skipping write tests
[   11.057000] scsi target2:0:0: Ending Domain Validation
[   11.518907] scsi target2:0:0: asynchronous
[   11.689913] scsi 2:0:1:0: Direct-Access     VBOX     HARDDISK         1.0  PQ: 0 ANSI: 5
[   11.905335] scsi target2:0:1: Beginning Domain Validation
[   12.079601] e1000 0000:00:08.0 eth1: (PCI:33MHz:32-bit) 08:00:27:54:5d:23
[   12.477011] e1000 0000:00:08.0 eth1: Intel(R) PRO/1000 Network Connection
[   12.667889] scsi target2:0:1: Domain Validation skipping write tests
[   12.674963] scsi target2:0:1: Ending Domain Validation
[   12.676844] e1000 0000:00:08.0 enp0s8: renamed from eth1
[   12.679595] e1000 0000:00:03.0 enp0s3: renamed from eth0
[   12.737266] scsi target2:0:1: asynchronous
[   13.011182] sd 2:0:0:0: Attached scsi generic sg0 type 0
[   13.187178] sd 2:0:0:0: [sda] 20971520 512-byte logical blocks: (10.7 GB/10.0 GiB)
[   13.188664] sd 2:0:0:0: [sda] Write Protect is off
[   13.189501] sd 2:0:0:0: [sda] Incomplete mode parameter data
[   13.190365] sd 2:0:0:0: [sda] Assuming drive cache: write through
[   13.192506] sd 2:0:1:0: [sdb] 20480 512-byte logical blocks: (10.5 MB/10.0 MiB)
[   13.198389] sd 2:0:1:0: Attached scsi generic sg1 type 0
[   13.200663] sd 2:0:1:0: [sdb] Write Protect is off
[   13.201489] sd 2:0:1:0: [sdb] Incomplete mode parameter data
[   13.202344] sd 2:0:1:0: [sdb] Assuming drive cache: write through
[   13.277034]  sda: sda1
[   13.347977] sd 2:0:1:0: [sdb] Attached SCSI disk
[   13.607365] sd 2:0:0:0: [sda] Attached SCSI disk
Begin: Loading e[   15.207219] md: linear personality registered for level -1
ssential drivers ... [   15.652347] md: multipath personality registered for level -4
[   15.661765] md: raid0 personality registered for level 0
[   15.667006] md: raid1 personality registered for level 1
[   15.846608] raid6: sse2x1   gen()  8657 MB/s
[   16.046511] raid6: sse2x1   xor()  5504 MB/s
[   16.156570] raid6: sse2x2   gen() 10424 MB/s
[   16.256567] raid6: sse2x2   xor()  7194 MB/s
[   16.356533] raid6: sse2x4   gen() 11921 MB/s
[   16.476529] raid6: sse2x4   xor()  8194 MB/s
[   16.497383] raid6: using algorithm sse2x4 gen() 11921 MB/s
[   16.498346] raid6: .... xor() 8194 MB/s, rmw enabled
[   16.499242] raid6: using ssse3x2 recovery algorithm
[   16.502303] xor: automatically using best checksumming function:
[   16.636517]    avx       : 39509.000 MB/sec
[   16.649511] async_tx: api initialized (async)
[   16.680924] md: raid6 personality registered for level 6
[   16.697548] md: raid5 personality registered for level 5
[   16.698490] md: raid4 personality registered for level 4
[   16.706041] md: raid10 personality registered for level 10
done.
Begin: Running /scripts/init-premount ... done.
Begin: Mounting root file system ... Begin: Running /scripts/local-top ... done.[   16.762201] Btrfs loaded

Begin: Running /scripts/local-premount ... Scanning for Btrfs filesystems
done.
Warning: fsck not present, so skipping root file system
[   16.980959] EXT4-fs (sda1): mounted filesystem with ordered data mode. Opts: (null)
done.
Begin: Running /scripts/local-bottom ... done.
Begin: Running /scripts/init-bottom ... done.
[   17.401408] random: nonblocking pool is initialized
[   18.490438] systemd[1]: systemd 229 running in system mode. (+PAM +AUDIT +SELINUX +IMA +APPARMOR +SMACK +SYSVINIT +UTMP +LIBCRYPTSETUP +GCRYPT +GNUTLS +ACL +XZ -LZ4 +SECCOMP +BLKID +ELFUTILS +KMOD -IDN)
[   18.889367] systemd[1]: Detected virtualization oracle.
[   18.907605] systemd[1]: Detected architecture x86-64.

Welcome to [1mUbuntu 16.04.4 LTS[0m!

[   18.978008] systemd[1]: Set hostname to <ubuntu>.
[   19.248436] systemd[1]: Initializing machine ID from random generator.
[   19.270545] systemd[1]: Installed transient /etc/machine-id file.
[   20.449534] systemd[1]: Listening on LVM2 metadata daemon socket.
[[0;32m  OK  [0m] Listening on LVM2 metadata daemon socket.
[   20.569094] systemd[1]: Created slice User and Session Slice.
[[0;32m  OK  [0m] Created slice User and Session Slice.
[   20.571330] systemd[1]: Listening on LVM2 poll daemon socket.
[[0;32m  OK  [0m] Listening on LVM2 poll daemon socket.
[   20.573490] systemd[1]: Reached target System Time Synchronized.
[[0;32m  OK  [0m] Reached target System Time Synchronized.
[   20.575798] systemd[1]: Listening on /dev/initctl Compatibility Named Pipe.
[[0;32m  OK  [0m] Listening on /dev/initctl Compatibility Named Pipe.
[   20.603227] systemd[1]: Started Forward Password Requests to Wall Directory Watch.
[[0;32m  OK  [0m] Started Forward Password Requests to Wall Directory Watch.
[   20.608888] systemd[1]: Reached target Encrypted Volumes.
[[0;32m  OK  [0m] Reached target Encrypted Volumes.
[   20.611021] systemd[1]: Listening on Journal Socket (/dev/log).
[[0;32m  OK  [0m] Listening on Journal Socket (/dev/log).
[   20.613418] systemd[1]: Set up automount Arbitrary Executable File Formats File System Automount Point.
[[0;32m  OK  [0m] Set up automount Arbitrary Executab...ats File System Automount Point.
[   20.616646] systemd[1]: Listening on Syslog Socket.
[[0;32m  OK  [0m] Listening on Syslog Socket.
[   20.618926] systemd[1]: Created slice System Slice.
[[0;32m  OK  [0m] Created slice System Slice.
[   20.620923] systemd[1]: Reached target Slices.
[[0;32m  OK  [0m] Reached target Slices.
[   20.622779] systemd[1]: Reached target Swap.
[[0;32m  OK  [0m] Reached target Swap.
[   20.624915] systemd[1]: Created slice system-serial\x2dgetty.slice.
[[0;32m  OK  [0m] Created slice system-serial\x2dgetty.slice.
[   20.628255] systemd[1]: Started Trigger resolvconf update for networkd DNS.
[[0;32m  OK  [0m] Started Trigger resolvconf update for networkd DNS.
[   20.631727] systemd[1]: Listening on Device-mapper event daemon FIFOs.
[[0;32m  OK  [0m] Listening on Device-mapper event daemon FIFOs.
[   20.634162] systemd[1]: Listening on udev Kernel Socket.
[[0;32m  OK  [0m] Listening on udev Kernel Socket.
[   20.636285] systemd[1]: Listening on udev Control Socket.
[[0;32m  OK  [0m] Listening on udev Control Socket.
[   20.638456] systemd[1]: Listening on Journal Audit Socket.
[[0;32m  OK  [0m] Listening on Journal Audit Socket.
[   20.640576] systemd[1]: Reached target User and Group Name Lookups.
[[0;32m  OK  [0m] Reached target User and Group Name Lookups.
[   20.643887] systemd[1]: Listening on Journal Socket.
[[0;32m  OK  [0m] Listening on Journal Socket.
[   20.646657] systemd[1]: Starting Remount Root and Kernel File Systems...
         Starting Remount Root and Kernel File Systems...
[   20.860831] systemd[1]: Starting Nameserver information manager...
[   20.880417] EXT4-fs (sda1): re-mounted. Opts: (null)
         Starting Nameserver information manager...
[   21.164568] systemd[1]: Mounting Debug File System...
         Mounting Debug File System...
[   21.268205] systemd[1]: Mounting Huge Pages File System...
         Mounting Huge Pages File System...
[   21.337196] systemd[1]: Starting Journal Service...
         Starting Journal Service...
[   21.664296] systemd[1]: Mounting POSIX Message Queue File System...
         Mounting POSIX Message Queue File System...
[   21.936452] systemd[1]: Starting Set console keymap...
         Starting Set console keymap...
[   22.254929] systemd[1]: Starting Load Kernel Modules...
         Starting Load Kernel Modules...
[   22.368277] systemd[1]: Starting Create list of required static device nodes for the current kernel...
         Starting Create list of required st... nodes for the current kernel...
[   22.378486] systemd[1]: Starting Uncomplicated firewall...
         Starting Uncomplicated firewall...
[   22.382155] systemd[1]: Starting Monitoring of LVM2 mirrors, snapshots etc. using dmeventd or progress polling...
         Starting Monitoring of LVM2 mirrors... dmeventd or progress polling...
[   22.428330] systemd[1]: Mounted POSIX Message Queue File System.
[[0;32m  OK  [0m] Mounted POSIX Message Queue File System.
[   22.875370] systemd[1]: Mounted Debug File System.
[[0;32m  OK  [0m] Mounted Debug File System.
[   22.889788] systemd[1]: Mounted Huge Pages File System.
[[0;32m  OK  [0m] Mounted Huge Pages File System.
[   22.898027] systemd[1]: Started Remount Root and Kernel File Systems.
[[0;32m  OK  [0m] Started Remount Root and Kernel File Systems.
[   22.905702] systemd[1]: Started Set console keymap.
[[0;32m  OK  [0m] Started Set console keymap.
[   22.941770] systemd[1]: Started Create list of required static device nodes for the current kernel.
[[0;32m  OK  [0m] Started Create list of required sta...ce nodes for the current kernel.
[   22.983201] systemd[1]: Started Uncomplicated firewall.
[[0;32m  OK  [0m] Started Uncomplicated firewall.
[   23.000668] systemd[1]: Started Nameserver information manager.
[[0;32m  OK  [0m] Started Nameserver information manager.
[   23.051739] systemd[1]: Starting Create Static Device Nodes in /dev...
         Starting Create Static Device Nodes in /dev...
[   23.136384] Loading iSCSI transport class v2.0-870.
[   23.221448] iscsi: registered transport (tcp)
[   23.427942] systemd[1]: Starting udev Coldplug all Devices...
         Starting udev Coldplug all Devices...
[   23.612491] systemd[1]: Starting Load/Save Random Seed...
         Starting Load/Save Random Seed...
[   24.000273] systemd[1]: Started Journal Service.
[[0;32m  OK  [0m] Started Journal Service.
[[0;32m  OK  [0m] Started LVM2 metadata daemon.
         Starting Flush Journal to Persistent Storage...
[[0;32m  OK  [0m] Started Load/Save Random Seed.
[[0;32m  OK  [0m] Started udev Coldplug all Devices.
[   24.479687] iscsi: registered transport (iser)
[[0;32m  OK  [0m] Started Load Kernel Modules.
         Starting Apply Kernel Variables...
         Mounting FUSE Control File System...
[[0;32m  OK  [0m] Mounted FUSE Control File System.
[[0;32m  OK  [0m] Started Monitoring of LVM2 mirrors,...ng dmeventd or progress polling.
[[0;32m  OK  [0m] Started Create Static Device Nodes in /dev.
[[0;32m  OK  [0m] Started Apply Kernel Variables.
         Starting udev Kernel Device Manager...
[[0;32m  OK  [0m] Started Flush Journal to Persistent Storage.
[[0;32m  OK  [0m] Started udev Kernel Device Manager.
[[0;32m  OK  [0m] Found device /dev/ttyS0.
[[0;32m  OK  [0m] Started Dispatch Password Requests to Console Directory Watch.
[[0;32m  OK  [0m] Reached target Local File Systems (Pre).
[[0;32m  OK  [0m] Reached target Local File Systems.
         Starting Set console font and keymap...
         Starting Tell Plymouth To Write Out Runtime Data...
         Starting LSB: AppArmor initialization...
         Starting Commit a transient machine-id on disk...
         Starting Initial cloud-init job (pre-networking)...
         Starting Create Volatile Files and Directories...
[[0;32m  OK  [0m] Started Commit a transient machine-id on disk.
[[0;32m  OK  [0m] Started Create Volatile Files and Directories.
         Starting Update UTMP about System Boot/Shutdown...
[[0;32m  OK  [0m] Started Tell Plymouth To Write Out Runtime Data.
[[0;32m  OK  [0m] Started Update UTMP about System Boot/Shutdown.
[[0;32m  OK  [0m] Listening on Load/Save RF Kill Switch Status /dev/rfkill Watch.
[[0;32m  OK  [0m] Started LSB: AppArmor initialization.
[[0;32m  OK  [0m] Started Set console font and keymap.
[[0;32m  OK  [0m] Created slice system-getty.slice.
[   30.781828] cloud-init[523]: Cloud-init v. 18.2 running 'init-local' at Tue, 19 Jun 2018 04:25:44 +0000. Up 29.91 seconds.
[[0;32m  OK  [0m] Started Initial cloud-init job (pre-networking).
[[0;32m  OK  [0m] Reached target Network (Pre).
         Starting Raise network interfaces...
[[0;32m  OK  [0m] Started Raise network interfaces.
         Starting Initial cloud-init job (metadata service crawler)...
[[0;32m  OK  [0m] Reached target Network.
[   34.129845] cloud-init[993]: Cloud-init v. 18.2 running 'init' at Tue, 19 Jun 2018 04:25:46 +0000. Up 31.84 seconds.
[[0;32m  OK  [0m] Started Initial cloud-init job (metadata service crawler).
[   34.282212] cloud-init[993]: ci-info: +++++++++++++++++++++++++++++++++++++Net device info++++++++++++++++++++++++++++++++++++++
[   34.431313] cloud-init[993]: ci-info: +--------+-------+---------------------------+---------------+-------+-------------------+
[[0;32m  OK  [0m[   34.484623] cloud-init[993]: ci-info: | Device |   Up  |          Address          |      Mask     | Scope |     Hw-Address    |
[   34.484941] cloud-init[993]: ci-info: +--------+-------+---------------------------+---------------+-------+-------------------+
[   34.485219] cloud-init[993]: ci-info: | enp0s3 |  True |         10.0.2.15         | 255.255.255.0 |   .   | 02:9b:76:7a:0b:4d |
[   34.485468] cloud-init[993]: ci-info: | enp0s3 |  True | fe80::9b:76ff:fe7a:b4d/64 |       .       |  link | 02:9b:76:7a:0b:4d |
[   34.485740] cloud-init[993]: ci-info: | enp0s8 | False |             .             |       .       |   .   | 08:00:27:54:5d:23 |
[   34.486027] cloud-init[993]: ci-info: |   lo   |  True |         127.0.0.1         |   255.0.0.0   |   .   |         .         |
[   34.486320] cloud-init[993]: ci-info: |   lo   |  True |          ::1/128          |       .       |  host |         .         |
[   34.486630] cloud-init[993]: ci-info: +--------+-------+---------------------------+---------------+-------+-------------------+
[   34.486901] cloud-init[993]: ci-info: +++++++++++++++++++++++++++Route IPv4 info++++++++++++++++++++++++++++
[   34.487207] cloud-init[993]: ci-info: +-------+-------------+----------+---------------+-----------+-------+
[   34.487610] cloud-init[993]: ci-info: | Route | Destination | Gateway  |    Genmask    | Interface | Flags |
[   34.487888] cloud-init[993]: ci-info: +-------+-------------+----------+---------------+-----------+-------+
] Reached target Network is Online.
[   34.488460] cloud-init[993]: ci-info: |   0   |   0.0.0.0   | 10.0.2.2 |    0.0.0.0    |   enp0s3  |   UG  |
         Starting iSCSI initiator daemon (iscsid)...[   35.092570] cloud-init[993]: ci-info: |   1   |   10.0.2.0  | 0.0.0.0  | 255.255.255.0 |   enp0s3  |   U   |
[   35.096766] cloud-init[993]: ci-info: +-------+-------------+----------+---------------+-----------+-------+
[   35.099544] cloud-init[993]: Generating public/private rsa key pair.
[   35.100073] cloud-init[993]: Your identification has been saved in /etc/ssh/ssh_host_rsa_key.
[   35.100409] cloud-init[993]: Your public key has been saved in /etc/ssh/ssh_host_rsa_key.pub.
[   35.100786] cloud-init[993]: The key fingerprint is:
[   35.101131] cloud-init[993]: SHA256:IsW6JQQcE2IHS4WZiJgJC7d34Nt4bWXWzmEYxlA0tW8 root@ubuntu-xenial
[   35.101480] cloud-init[993]: The key's randomart image is:
[   35.101835] cloud-init[993]: +---[RSA 2048]----+
[   35.102164] cloud-init[993]: |OB%=.   .=*..    |
[   35.102643] cloud-init[993]: |XB+= o   ..= .   |
[   35.103299] cloud-init[993]: |... + +   = =    |
[   35.103989] cloud-init[993]: |   o B . + + o   |

[   35.107242] [[0;32m  OK  [0m] Reached target Cloud-config availability.
[[0;32m  OK  [0m] Reached target System Initialization.
[[0;32m  OK  [0m] Listening on ACPID Listen Socket.
[[0;32m  OK  [0m] Listening on D-Bus System Message Bus Socket.
cloud-init[993]: |    * = S   o E  |
[[0;32m  OK  [0m] Started Daily apt download activities.
[   35.488260] cloud-init[993]: |     * o     .   |
[   35.542923] cloud-init[993]: |    .            |
[   35.604403] cloud-init[993]: |                 |
[   35.624278] cloud-init[993]: |                 |
         Starting LXD - unix socket.
[   35.663594] cloud-init[993]: +----[SHA256]-----+
[   35.728709] cloud-init[993]: Generating public/private dsa key pair.
[   35.765020] cloud-init[993]: Your identification has been saved in /etc/ssh/ssh_host_dsa_key.
[   35.766705] cloud-init[993]: Your public key has been saved in /etc/ssh/ssh_host_dsa_key.pub.
[   35.766968] cloud-init[993]: The key fingerprint is:
[   35.767286] cloud-init[993]: SHA256:vqgtQSmPdGMYelU9TK8HoR+xuQypXD9JKwnNPQsUUFM root@ubuntu-xenial
[   35.767650] cloud-init[993]: The key's randomart image is:
[   35.767922] cloud-init[993]: +---[DSA 1024]----+
[[0;32m  OK  [0m] Started ACPI Events Check.
[   35.768691] cloud-init[993]: |    .+**E        |
[[0;32m  OK  [0m[   35.953610] cloud-init[993]: |  . .+ =+*       |
[   35.954036] cloud-init[993]: | . +..O O..      |
[   35.954685] cloud-init[993]: |. =.*+ O X       |
[   35.954947] cloud-init[993]: | o Bo.o S .      |
[   35.955773] cloud-init[993]: |  . o  o o       |
] Reached target Paths.
[   35.956494] [[0;32m  OK  [0m] Started Daily apt upgrade and clean activities.
[[0;32m  OK  [0m] Started Daily Cleanup of Temporary Directories.
[[0;32m  OK  [0m] Reached target Timers.
         Starting Socket activation for snappy daemon.
[[0;32m  OK  [0m] Listening on UUID daemon activation socket.
cloud-init[993]: |     .  .        |
[[0;32m  OK  [0m] Listening on LXD - unix socket.
[   36.259758] cloud-init[993]: |    .. . .       |
[   36.312987] cloud-init[993]: |    .oo .        |
[   36.368829] cloud-init[993]: +----[SHA256]-----+
[   36.369756] cloud-init[993]: Generating public/private ecdsa key pair.
[   36.370005] cloud-init[993]: Your identification has been saved in /etc/ssh/ssh_host_ecdsa_key.
[   36.370261] cloud-init[993]: Your public key has been saved in /etc/ssh/ssh_host_ecdsa_key.pub.
[   36.370491] cloud-init[993]: The key fingerprint is:
[   36.370739] cloud-init[993]: SHA256:M5jNDY+XrRzu68eWCSAMihLOUonQkZvho03uZPOldKY root@ubuntu-xenial
[   36.370964] cloud-init[993]: The key's randomart image is:
[   36.371228] cloud-init[993]: +---[ECDSA 256]---+
[   36.371462] cloud-init[993]: |oo.+             |
[   36.371698] cloud-init[993]: |o * .            |
[   36.371973] cloud-init[993]: |o= = o  .        |
[[0;32m  OK  [0m] Listening on Socket activation for snappy daemon.
[   36.372508] cloud-init[993]: |+oB   o=.= o     |
[[0;32m  OK  [0m] Started iSCSI initiator daemon (iscsid).
[   36.689334] cloud-init[993]: |o= .  o.S.* .    |
[   36.832952] cloud-init[993]: |. * . +  *.o     |
[   36.872892] cloud-init[993]: | + + *    +o o   |
[   36.873878] cloud-init[993]: |  . E    .  *    |
[   36.874121] cloud-init[993]: |         .++     |
[   36.874345] cloud-init[993]: +----[SHA256]-----+
[   36.874571] cloud-init[993]: Generating public/private ed25519 key pair.
[   36.874794] cloud-init[993]: Your identification has been saved in /etc/ssh/ssh_host_ed25519_key.
[   36.875016] cloud-init[993]: Your public key has been saved in /etc/ssh/ssh_host_ed25519_key.pub.
[   36.875279] cloud-init[993]: The key fingerprint is:
[   36.875504] cloud-init[993]: SHA256:btbXk6LKOwMozY31eimbMSHbKu8lD6lIGmYVEaCJLFo root@ubuntu-xenial
[   36.875726] cloud-init[993]: The key's randomart image is:
[   36.875943] cloud-init[993]: +--[ED25519 256]--+
         Starting Login to default iSCSI targets...
[   36.876402] cloud-init[993]: | ..o.            |
[[   37.140603] cloud-init[993]: |+.  .            |
[   37.141505] cloud-init[993]: |=.E.             |
[   37.141742] cloud-init[993]: |o.  . .          |
[   37.141968] cloud-init[993]: |.  +.=..S        |
[   37.142188] cloud-init[993]: |  o ==oo..   . . |
[   37.142452] cloud-init[993]: |.+ .= =o+.. o +  |
[   37.142706] cloud-init[993]: |=o.. *oB=  o . . |
[0;32m  OK  [0m] Reached target Sockets.
[[0;32m  OK  [0m] Reached target Basic System.
[   37.144456] cloud-init[993]: |o .++ +++=.      |
         Starting Accounts Service...
[   37.358843] cloud-init[993]: +----[SHA256]-----+
[[0;32m  OK  [0m] Started Unattended Upgrades Shutdown.
         Starting Apply the settings specified in cloud-config...
         Starting Virtualbox guest utils...
         Starting Login Service...
         Starting Pollinate to seed the pseudo random number generator...
[[0;32m  OK  [0m] Started ACPI event daemon.
         Starting LSB: MD monitoring daemon...
         Starting LSB: Record successful boot for GRUB...
[[0;32m  OK  [0m] Started Regular background program processing daemon.
         Starting Snappy daemon...
[[0;32m  OK  [0m] Started Deferred execution scheduler.
         Starting /etc/rc.local Compatibility...
[[0;32m  OK  [0m] Started FUSE filesystem for LXC.
[[0;32m  OK  [0m] Started D-Bus System Message Bus.
[   39.239936] cloud-init[1100]: Generating locales (this might take a while)...
         Starting System Logging Service...
         Starting LXD - container startup/shutdown...
[[0;32m  OK  [0m] Started /etc/rc.local Compatibility.
[[0;32m  OK  [0m] Started Login Service.
[[0;32m  OK  [0m] Started LSB: MD monitoring daemon.
         Starting Authenticate and Authorize Users to Run Privileged Tasks...
[[0;32m  OK  [0m] Started LSB: Record successful boot for GRUB.
[[0;32m  OK  [0m] Started Login to default iSCSI targets.
[[0;32m  OK  [0m] Reached target Remote File Systems (Pre).
[[0;32m  OK  [0m] Reached target Remote File Systems.
         Starting LSB: Set the CPU Frequency Scaling governor to "ondemand"...
         Starting LSB: daemon to balance interrupts for SMP systems...
         Starting Permit User Sessions...
         Starting LSB: automatic crash report generation...
[[0;32m  OK  [0m] Started System Logging Service.
[[0;32m  OK  [0m] Started LSB: Set the CPU Frequency Scaling governor to "ondemand".
[[0;32m  OK  [0m] Started Permit User Sessions.
         Starting Hold until boot process finishes up...
         Starting Terminate Plymouth Boot Screen...
[[0;32m  OK  [0m] Started Hold until boot process finishes up.
[[0;32m  OK  [0m] Started Terminate Plymouth Boot Screen.
[[0;32m  OK  [0m] Started LSB: daemon to balance interrupts for SMP systems.
[[0;32m  OK  [0m] Started LSB: automatic crash report generation.
[[0;32m  OK  [0m] Started Authenticate and Authorize Users to Run Privileged Tasks.
[[0;32m  OK  [0m] Started Accounts Service.
         Starting Set console scheme...
[[0;32m  OK  [0m] Started Serial Getty on ttyS0.
[[0;32m  OK  [0m] Started Getty on tty1.
[[0;32m  OK  [0m] Reached target Login Prompts.
[[0;32m  OK  [0m] Started Set console scheme.
[[0;32m  OK  [0m] Started Virtualbox guest utils.
[   42.808196] cloud-init[1100]:   en_US.UTF-8... done
[   42.830982] cloud-init[1100]: Generation complete.
[[0;32m  OK  [0m] Started Snappy daemon.
         Starting Wait until snapd is fully seeded...
[[0;32m  OK  [0m] Started Pollinate to seed the pseudo random number generator.
         Starting OpenBSD Secure Shell server...
[[0;32m  OK  [0m] Started LXD - container startup/shutdown.
[[0;32m  OK  [0m] Started OpenBSD Secure Shell server.
[[0;32m  OK  [0m] Created slice User Slice of vagrant.
         Starting User Manager for UID 1000...
[[0;32m  OK  [0m] Started Session 1 of user vagrant.

Ubuntu 16.04.4 LTS ubuntu-xenial ttyS0

ubuntu-xenial login: [   47.647420] cloud-init[1100]: Cloud-init v. 18.2 running 'modules:config' at Tue, 19 Jun 2018 04:25:52 +0000. Up 37.93 seconds.
ci-info: no authorized ssh keys fingerprints found for user ubuntu.
<14>Jun 19 04:26:06 ec2: 
<14>Jun 19 04:26:06 ec2: #############################################################
<14>Jun 19 04:26:06 ec2: -----BEGIN SSH HOST KEY FINGERPRINTS-----
<14>Jun 19 04:26:06 ec2: 1024 SHA256:vqgtQSmPdGMYelU9TK8HoR+xuQypXD9JKwnNPQsUUFM root@ubuntu-xenial (DSA)
<14>Jun 19 04:26:06 ec2: 256 SHA256:M5jNDY+XrRzu68eWCSAMihLOUonQkZvho03uZPOldKY root@ubuntu-xenial (ECDSA)
<14>Jun 19 04:26:06 ec2: 256 SHA256:btbXk6LKOwMozY31eimbMSHbKu8lD6lIGmYVEaCJLFo root@ubuntu-xenial (ED25519)
<14>Jun 19 04:26:06 ec2: 2048 SHA256:IsW6JQQcE2IHS4WZiJgJC7d34Nt4bWXWzmEYxlA0tW8 root@ubuntu-xenial (RSA)
<14>Jun 19 04:26:06 ec2: -----END SSH HOST KEY FINGERPRINTS-----
<14>Jun 19 04:26:06 ec2: #############################################################
-----BEGIN SSH HOST KEY KEYS-----
ecdsa-sha2-nistp256 AAAAE2VjZHNhLXNoYTItbmlzdHAyNTYAAAAIbmlzdHAyNTYAAABBBFWk4bCEVAcPuec1VpkARkNQ1NH/HWqOtbicxq2uELu0Vvq7wT04RMYEqBtNzprTIJl6Tu3CQGOKqktYj3p+7sE= root@ubuntu-xenial
ssh-ed25519 AAAAC3NzaC1lZDI1NTE5AAAAII55xLKl/apKlK2YXWPyltYgtOKD/CduKNiDqcMFls3m root@ubuntu-xenial
ssh-rsa AAAAB3NzaC1yc2EAAAADAQABAAABAQCh5hq/Y0Hl6X7MrEsJKQ9P2DgMxzO1DwBZygQsg7L508MGp6Ey1GVe8BaETNN+DESksyaloqOYGvmjg6nZG8tDlr2bixAk6eK8nmrIdwkZyhRBwJ4WUrM1xoFtZ4Yyw5HOcc/eB5hD2kTukPCMbTUs6CdJa3GX/lyMtOuc5/hOSQwMlf7BMPx3kt3ADwva9syb0mk4m9QWvIe7qlwTx5vTnLiGxHSWWaW6lx71dFj/oFPgvUL7zBKvxlQwTJSW7D7OHq/V5t88X3VE772RM7+xivZ8PdFiCnhiDvBgkV8C+6uWgHB2qkGTGUzvUOg9ISJ4uO3bPlQwuSfjg9CzOx0f root@ubuntu-xenial
-----END SSH HOST KEY KEYS-----
[   51.545356] cloud-init[1505]: Cloud-init v. 18.2 running 'modules:final' at Tue, 19 Jun 2018 04:26:06 +0000. Up 51.25 seconds.
[   51.545584] cloud-init[1505]: ci-info: no authorized ssh keys fingerprints found for user ubuntu.
[   51.545748] cloud-init[1505]: Cloud-init v. 18.2 finished at Tue, 19 Jun 2018 04:26:06 +0000. Datasource DataSourceNoCloud [seed=/dev/sdb][dsmode=net].  Up 51.53 seconds
